make all --dry-run --always-make --keep-going --print-directory
make: Entering directory '/home/werem/Documents/projects/c/MS-DOS-frame-buffer-game-engine'
gcc -c -g -O0  -Wall -Wextra -Ilibs/include -Ilibs/soloud/include src/program/mainMenu/mainMenu.c -o src/program/mainMenu/mainMenu.o
gcc -c -g -O0  -Wall -Wextra -Ilibs/include -Ilibs/soloud/include src/program/assetManager/assetManager.c -o src/program/assetManager/assetManager.o
 
gcc -c -g -O0  -Wall -Wextra -Ilibs/include -Ilibs/soloud/include src/program/sound/sound.c -o src/program/sound/sound.o
gcc -c -g -O0  -Wall -Wextra -Ilibs/include -Ilibs/soloud/include src/program/level/level.c -o src/program/level/level.o
gcc -c -g -O0  -Wall -Wextra -Ilibs/include -Ilibs/soloud/include src/program/program.c -o src/program/program.o
gcc -c -g -O0  -Wall -Wextra -Ilibs/include -Ilibs/soloud/include src/program/enemy/enemy.c -o src/program/enemy/enemy.o
gcc -c -g -O0  -Wall -Wextra -Ilibs/include -Ilibs/soloud/include src/program/core/shader/shader.c -o src/program/core/shader/shader.o
gcc -c -g -O0  -Wall -Wextra -Ilibs/include -Ilibs/soloud/include src/program/core/fonts/fonts.c -o src/program/core/fonts/fonts.o
gcc -c -g -O0  -Wall -Wextra -Ilibs/include -Ilibs/soloud/include src/program/core/sprite/sprite.c -o src/program/core/sprite/sprite.o
gcc -c -g -O0  -Wall -Wextra -Ilibs/include -Ilibs/soloud/include src/program/core/stackAllocator/stack_allocator.c -o src/program/core/stackAllocator/stack_allocator.o
gcc -c -g -O0  -Wall -Wextra -Ilibs/include -Ilibs/soloud/include src/program/core/input/mouse.c -o src/program/core/input/mouse.o
gcc -c -g -O0  -Wall -Wextra -Ilibs/include -Ilibs/soloud/include src/program/core/input/keyboard.c -o src/program/core/input/keyboard.o
gcc -c -g -O0  -Wall -Wextra -Ilibs/include -Ilibs/soloud/include src/program/core/graphics/graphics.c -o src/program/core/graphics/graphics.o
gcc -c -g -O0  -Wall -Wextra -Ilibs/include -Ilibs/soloud/include src/main.c -o src/main.o
gcc -c -g -O0  -Wall -Wextra -Ilibs/include -Ilibs/soloud/include libs/soloud/src/audiosource/wav/stb_vorbis.c -o libs/soloud/src/audiosource/wav/stb_vorbis.o
gcc -c -g -O0  -Wall -Wextra -Ilibs/include -Ilibs/soloud/include libs/soloud/src/audiosource/openmpt/soloud_openmpt_dll.c -o libs/soloud/src/audiosource/openmpt/soloud_openmpt_dll.o
gcc -c -g -O0  -Wall -Wextra -Ilibs/include -Ilibs/soloud/include libs/soloud/src/backend/portaudio/soloud_portaudio_dll.c -o libs/soloud/src/backend/portaudio/soloud_portaudio_dll.o
gcc -c -g -O0  -Wall -Wextra -Ilibs/include -Ilibs/soloud/include libs/soloud/src/backend/openal/soloud_openal_dll.c -o libs/soloud/src/backend/openal/soloud_openal_dll.o
gcc -c -g -O0  -Wall -Wextra -Ilibs/include -Ilibs/soloud/include libs/soloud/src/backend/sdl/soloud_sdl2_dll.c -o libs/soloud/src/backend/sdl/soloud_sdl2_dll.o
gcc -c -g -O0  -Wall -Wextra -Ilibs/include -Ilibs/soloud/include libs/soloud/src/backend/sdl/soloud_sdl1_dll.c -o libs/soloud/src/backend/sdl/soloud_sdl1_dll.o
gcc -c  -Wall -Wextra -Ilibs/include -Ilibs/soloud/include -lstdc++ -ldl -lasound -DWITH_ALSA=1 libs/soloud/src/audiosource/vic/soloud_vic.cpp -o libs/soloud/src/audiosource/vic/soloud_vic.o
gcc -c  -Wall -Wextra -Ilibs/include -Ilibs/soloud/include -lstdc++ -ldl -lasound -DWITH_ALSA=1 libs/soloud/src/audiosource/monotone/soloud_monotone.cpp -o libs/soloud/src/audiosource/monotone/soloud_monotone.o
gcc -c  -Wall -Wextra -Ilibs/include -Ilibs/soloud/include -lstdc++ -ldl -lasound -DWITH_ALSA=1 libs/soloud/src/audiosource/speech/soloud_speech.cpp -o libs/soloud/src/audiosource/speech/soloud_speech.o
 
gcc -c  -Wall -Wextra -Ilibs/include -Ilibs/soloud/include -lstdc++ -ldl -lasound -DWITH_ALSA=1 libs/soloud/src/audiosource/speech/klatt.cpp -o libs/soloud/src/audiosource/speech/klatt.o
gcc -c  -Wall -Wextra -Ilibs/include -Ilibs/soloud/include -lstdc++ -ldl -lasound -DWITH_ALSA=1 libs/soloud/src/audiosource/speech/resonator.cpp -o libs/soloud/src/audiosource/speech/resonator.o
gcc -c  -Wall -Wextra -Ilibs/include -Ilibs/soloud/include -lstdc++ -ldl -lasound -DWITH_ALSA=1 libs/soloud/src/audiosource/speech/tts.cpp -o libs/soloud/src/audiosource/speech/tts.o
gcc -c  -Wall -Wextra -Ilibs/include -Ilibs/soloud/include -lstdc++ -ldl -lasound -DWITH_ALSA=1 libs/soloud/src/audiosource/speech/darray.cpp -o libs/soloud/src/audiosource/speech/darray.o
gcc -c  -Wall -Wextra -Ilibs/include -Ilibs/soloud/include -lstdc++ -ldl -lasound -DWITH_ALSA=1 libs/soloud/src/audiosource/sfxr/soloud_sfxr.cpp -o libs/soloud/src/audiosource/sfxr/soloud_sfxr.o
gcc -c  -Wall -Wextra -Ilibs/include -Ilibs/soloud/include -lstdc++ -ldl -lasound -DWITH_ALSA=1 libs/soloud/src/audiosource/wav/dr_impl.cpp -o libs/soloud/src/audiosource/wav/dr_impl.o
gcc -c  -Wall -Wextra -Ilibs/include -Ilibs/soloud/include -lstdc++ -ldl -lasound -DWITH_ALSA=1 libs/soloud/src/audiosource/wav/soloud_wav.cpp -o libs/soloud/src/audiosource/wav/soloud_wav.o
gcc -c  -Wall -Wextra -Ilibs/include -Ilibs/soloud/include -lstdc++ -ldl -lasound -DWITH_ALSA=1 libs/soloud/src/audiosource/wav/soloud_wavstream.cpp -o libs/soloud/src/audiosource/wav/soloud_wavstream.o
gcc -c  -Wall -Wextra -Ilibs/include -Ilibs/soloud/include -lstdc++ -ldl -lasound -DWITH_ALSA=1 libs/soloud/src/audiosource/openmpt/soloud_openmpt.cpp -o libs/soloud/src/audiosource/openmpt/soloud_openmpt.o
gcc -c  -Wall -Wextra -Ilibs/include -Ilibs/soloud/include -lstdc++ -ldl -lasound -DWITH_ALSA=1 libs/soloud/src/audiosource/noise/soloud_noise.cpp -o libs/soloud/src/audiosource/noise/soloud_noise.o
gcc -c  -Wall -Wextra -Ilibs/include -Ilibs/soloud/include -lstdc++ -ldl -lasound -DWITH_ALSA=1 libs/soloud/src/audiosource/tedsid/soloud_tedsid.cpp -o libs/soloud/src/audiosource/tedsid/soloud_tedsid.o
gcc -c  -Wall -Wextra -Ilibs/include -Ilibs/soloud/include -lstdc++ -ldl -lasound -DWITH_ALSA=1 libs/soloud/src/audiosource/tedsid/sid.cpp -o libs/soloud/src/audiosource/tedsid/sid.o
gcc -c  -Wall -Wextra -Ilibs/include -Ilibs/soloud/include -lstdc++ -ldl -lasound -DWITH_ALSA=1 libs/soloud/src/audiosource/tedsid/ted.cpp -o libs/soloud/src/audiosource/tedsid/ted.o
gcc -c  -Wall -Wextra -Ilibs/include -Ilibs/soloud/include -lstdc++ -ldl -lasound -DWITH_ALSA=1 libs/soloud/src/audiosource/vizsn/soloud_vizsn.cpp -o libs/soloud/src/audiosource/vizsn/soloud_vizsn.o
gcc -c  -Wall -Wextra -Ilibs/include -Ilibs/soloud/include -lstdc++ -ldl -lasound -DWITH_ALSA=1 libs/soloud/src/backend/coreaudio/soloud_coreaudio.cpp -o libs/soloud/src/backend/coreaudio/soloud_coreaudio.o
gcc -c  -Wall -Wextra -Ilibs/include -Ilibs/soloud/include -lstdc++ -ldl -lasound -DWITH_ALSA=1 libs/soloud/src/backend/miniaudio/soloud_miniaudio.cpp -o libs/soloud/src/backend/miniaudio/soloud_miniaudio.o
gcc -c  -Wall -Wextra -Ilibs/include -Ilibs/soloud/include -lstdc++ -ldl -lasound -DWITH_ALSA=1 libs/soloud/src/backend/oss/soloud_oss.cpp -o libs/soloud/src/backend/oss/soloud_oss.o
gcc -c  -Wall -Wextra -Ilibs/include -Ilibs/soloud/include -lstdc++ -ldl -lasound -DWITH_ALSA=1 libs/soloud/src/backend/xaudio2/soloud_xaudio2.cpp -o libs/soloud/src/backend/xaudio2/soloud_xaudio2.o
gcc -c  -Wall -Wextra -Ilibs/include -Ilibs/soloud/include -lstdc++ -ldl -lasound -DWITH_ALSA=1 libs/soloud/src/backend/portaudio/soloud_portaudio.cpp -o libs/soloud/src/backend/portaudio/soloud_portaudio.o
gcc -c  -Wall -Wextra -Ilibs/include -Ilibs/soloud/include -lstdc++ -ldl -lasound -DWITH_ALSA=1 libs/soloud/src/backend/sdl_static/soloud_sdl_static.cpp -o libs/soloud/src/backend/sdl_static/soloud_sdl_static.o
gcc -c  -Wall -Wextra -Ilibs/include -Ilibs/soloud/include -lstdc++ -ldl -lasound -DWITH_ALSA=1 libs/soloud/src/backend/openal/soloud_openal.cpp -o libs/soloud/src/backend/openal/soloud_openal.o
gcc -c  -Wall -Wextra -Ilibs/include -Ilibs/soloud/include -lstdc++ -ldl -lasound -DWITH_ALSA=1 libs/soloud/src/backend/sdl/soloud_sdl1.cpp -o libs/soloud/src/backend/sdl/soloud_sdl1.o
gcc -c  -Wall -Wextra -Ilibs/include -Ilibs/soloud/include -lstdc++ -ldl -lasound -DWITH_ALSA=1 libs/soloud/src/backend/sdl/soloud_sdl2.cpp -o libs/soloud/src/backend/sdl/soloud_sdl2.o
gcc -c  -Wall -Wextra -Ilibs/include -Ilibs/soloud/include -lstdc++ -ldl -lasound -DWITH_ALSA=1 libs/soloud/src/backend/sdl2_static/soloud_sdl2_static.cpp -o libs/soloud/src/backend/sdl2_static/soloud_sdl2_static.o
gcc -c  -Wall -Wextra -Ilibs/include -Ilibs/soloud/include -lstdc++ -ldl -lasound -DWITH_ALSA=1 libs/soloud/src/backend/winmm/soloud_winmm.cpp -o libs/soloud/src/backend/winmm/soloud_winmm.o
gcc -c  -Wall -Wextra -Ilibs/include -Ilibs/soloud/include -lstdc++ -ldl -lasound -DWITH_ALSA=1 libs/soloud/src/backend/wasapi/soloud_wasapi.cpp -o libs/soloud/src/backend/wasapi/soloud_wasapi.o
 
gcc -c  -Wall -Wextra -Ilibs/include -Ilibs/soloud/include -lstdc++ -ldl -lasound -DWITH_ALSA=1 libs/soloud/src/backend/alsa/soloud_alsa.cpp -o libs/soloud/src/backend/alsa/soloud_alsa.o
gcc -c  -Wall -Wextra -Ilibs/include -Ilibs/soloud/include -lstdc++ -ldl -lasound -DWITH_ALSA=1 libs/soloud/src/backend/opensles/soloud_opensles.cpp -o libs/soloud/src/backend/opensles/soloud_opensles.o
gcc -c  -Wall -Wextra -Ilibs/include -Ilibs/soloud/include -lstdc++ -ldl -lasound -DWITH_ALSA=1 libs/soloud/src/backend/nosound/soloud_nosound.cpp -o libs/soloud/src/backend/nosound/soloud_nosound.o
gcc -c  -Wall -Wextra -Ilibs/include -Ilibs/soloud/include -lstdc++ -ldl -lasound -DWITH_ALSA=1 libs/soloud/src/backend/jack/soloud_jack.cpp -o libs/soloud/src/backend/jack/soloud_jack.o
gcc -c  -Wall -Wextra -Ilibs/include -Ilibs/soloud/include -lstdc++ -ldl -lasound -DWITH_ALSA=1 libs/soloud/src/backend/null/soloud_null.cpp -o libs/soloud/src/backend/null/soloud_null.o
gcc -c  -Wall -Wextra -Ilibs/include -Ilibs/soloud/include -lstdc++ -ldl -lasound -DWITH_ALSA=1 libs/soloud/src/c_api/soloud_c.cpp -o libs/soloud/src/c_api/soloud_c.o
gcc -c  -Wall -Wextra -Ilibs/include -Ilibs/soloud/include -lstdc++ -ldl -lasound -DWITH_ALSA=1 libs/soloud/src/filter/soloud_dcremovalfilter.cpp -o libs/soloud/src/filter/soloud_dcremovalfilter.o
gcc -c  -Wall -Wextra -Ilibs/include -Ilibs/soloud/include -lstdc++ -ldl -lasound -DWITH_ALSA=1 libs/soloud/src/filter/soloud_flangerfilter.cpp -o libs/soloud/src/filter/soloud_flangerfilter.o
gcc -c  -Wall -Wextra -Ilibs/include -Ilibs/soloud/include -lstdc++ -ldl -lasound -DWITH_ALSA=1 libs/soloud/src/filter/soloud_lofifilter.cpp -o libs/soloud/src/filter/soloud_lofifilter.o
gcc -c  -Wall -Wextra -Ilibs/include -Ilibs/soloud/include -lstdc++ -ldl -lasound -DWITH_ALSA=1 libs/soloud/src/filter/soloud_freeverbfilter.cpp -o libs/soloud/src/filter/soloud_freeverbfilter.o
gcc -c  -Wall -Wextra -Ilibs/include -Ilibs/soloud/include -lstdc++ -ldl -lasound -DWITH_ALSA=1 libs/soloud/src/filter/soloud_bassboostfilter.cpp -o libs/soloud/src/filter/soloud_bassboostfilter.o
gcc -c  -Wall -Wextra -Ilibs/include -Ilibs/soloud/include -lstdc++ -ldl -lasound -DWITH_ALSA=1 libs/soloud/src/filter/soloud_robotizefilter.cpp -o libs/soloud/src/filter/soloud_robotizefilter.o
gcc -c  -Wall -Wextra -Ilibs/include -Ilibs/soloud/include -lstdc++ -ldl -lasound -DWITH_ALSA=1 libs/soloud/src/filter/soloud_fftfilter.cpp -o libs/soloud/src/filter/soloud_fftfilter.o
gcc -c  -Wall -Wextra -Ilibs/include -Ilibs/soloud/include -lstdc++ -ldl -lasound -DWITH_ALSA=1 libs/soloud/src/filter/soloud_biquadresonantfilter.cpp -o libs/soloud/src/filter/soloud_biquadresonantfilter.o
gcc -c  -Wall -Wextra -Ilibs/include -Ilibs/soloud/include -lstdc++ -ldl -lasound -DWITH_ALSA=1 libs/soloud/src/filter/soloud_waveshaperfilter.cpp -o libs/soloud/src/filter/soloud_waveshaperfilter.o
gcc -c  -Wall -Wextra -Ilibs/include -Ilibs/soloud/include -lstdc++ -ldl -lasound -DWITH_ALSA=1 libs/soloud/src/filter/soloud_echofilter.cpp -o libs/soloud/src/filter/soloud_echofilter.o
gcc -c  -Wall -Wextra -Ilibs/include -Ilibs/soloud/include -lstdc++ -ldl -lasound -DWITH_ALSA=1 libs/soloud/src/core/soloud_core_3d.cpp -o libs/soloud/src/core/soloud_core_3d.o
gcc -c  -Wall -Wextra -Ilibs/include -Ilibs/soloud/include -lstdc++ -ldl -lasound -DWITH_ALSA=1 libs/soloud/src/core/soloud_core_voiceops.cpp -o libs/soloud/src/core/soloud_core_voiceops.o
gcc -c  -Wall -Wextra -Ilibs/include -Ilibs/soloud/include -lstdc++ -ldl -lasound -DWITH_ALSA=1 libs/soloud/src/core/soloud_misc.cpp -o libs/soloud/src/core/soloud_misc.o
gcc -c  -Wall -Wextra -Ilibs/include -Ilibs/soloud/include -lstdc++ -ldl -lasound -DWITH_ALSA=1 libs/soloud/src/core/soloud_core_setters.cpp -o libs/soloud/src/core/soloud_core_setters.o
gcc -c  -Wall -Wextra -Ilibs/include -Ilibs/soloud/include -lstdc++ -ldl -lasound -DWITH_ALSA=1 libs/soloud/src/core/soloud_core_basicops.cpp -o libs/soloud/src/core/soloud_core_basicops.o
gcc -c  -Wall -Wextra -Ilibs/include -Ilibs/soloud/include -lstdc++ -ldl -lasound -DWITH_ALSA=1 libs/soloud/src/core/soloud_queue.cpp -o libs/soloud/src/core/soloud_queue.o
gcc -c  -Wall -Wextra -Ilibs/include -Ilibs/soloud/include -lstdc++ -ldl -lasound -DWITH_ALSA=1 libs/soloud/src/core/soloud_bus.cpp -o libs/soloud/src/core/soloud_bus.o
gcc -c  -Wall -Wextra -Ilibs/include -Ilibs/soloud/include -lstdc++ -ldl -lasound -DWITH_ALSA=1 libs/soloud/src/core/soloud_filter.cpp -o libs/soloud/src/core/soloud_filter.o
gcc -c  -Wall -Wextra -Ilibs/include -Ilibs/soloud/include -lstdc++ -ldl -lasound -DWITH_ALSA=1 libs/soloud/src/core/soloud_core_getters.cpp -o libs/soloud/src/core/soloud_core_getters.o
gcc -c  -Wall -Wextra -Ilibs/include -Ilibs/soloud/include -lstdc++ -ldl -lasound -DWITH_ALSA=1 libs/soloud/src/core/soloud_thread.cpp -o libs/soloud/src/core/soloud_thread.o
gcc -c  -Wall -Wextra -Ilibs/include -Ilibs/soloud/include -lstdc++ -ldl -lasound -DWITH_ALSA=1 libs/soloud/src/core/soloud.cpp -o libs/soloud/src/core/soloud.o
gcc -c  -Wall -Wextra -Ilibs/include -Ilibs/soloud/include -lstdc++ -ldl -lasound -DWITH_ALSA=1 libs/soloud/src/core/soloud_core_voicegroup.cpp -o libs/soloud/src/core/soloud_core_voicegroup.o
gcc -c  -Wall -Wextra -Ilibs/include -Ilibs/soloud/include -lstdc++ -ldl -lasound -DWITH_ALSA=1 libs/soloud/src/core/soloud_core_faderops.cpp -o libs/soloud/src/core/soloud_core_faderops.o
gcc -c  -Wall -Wextra -Ilibs/include -Ilibs/soloud/include -lstdc++ -ldl -lasound -DWITH_ALSA=1 libs/soloud/src/core/soloud_fft_lut.cpp -o libs/soloud/src/core/soloud_fft_lut.o
gcc -c  -Wall -Wextra -Ilibs/include -Ilibs/soloud/include -lstdc++ -ldl -lasound -DWITH_ALSA=1 libs/soloud/src/core/soloud_core_filterops.cpp -o libs/soloud/src/core/soloud_core_filterops.o
gcc -c  -Wall -Wextra -Ilibs/include -Ilibs/soloud/include -lstdc++ -ldl -lasound -DWITH_ALSA=1 libs/soloud/src/core/soloud_file.cpp -o libs/soloud/src/core/soloud_file.o
gcc -c  -Wall -Wextra -Ilibs/include -Ilibs/soloud/include -lstdc++ -ldl -lasound -DWITH_ALSA=1 libs/soloud/src/core/soloud_fader.cpp -o libs/soloud/src/core/soloud_fader.o
gcc -c  -Wall -Wextra -Ilibs/include -Ilibs/soloud/include -lstdc++ -ldl -lasound -DWITH_ALSA=1 libs/soloud/src/core/soloud_audiosource.cpp -o libs/soloud/src/core/soloud_audiosource.o
gcc -c  -Wall -Wextra -Ilibs/include -Ilibs/soloud/include -lstdc++ -ldl -lasound -DWITH_ALSA=1 libs/soloud/src/core/soloud_fft.cpp -o libs/soloud/src/core/soloud_fft.o
cp -r assets bin
gcc -g -O0  -Wall -Wextra -Ilibs/include -Ilibs/soloud/include src/program/mainMenu/mainMenu.o src/program/assetManager/assetManager.o src/program/sound/sound.o src/program/level/level.o src/program/program.o src/program/enemy/enemy.o src/program/core/shader/shader.o src/program/core/fonts/fonts.o src/program/core/sprite/sprite.o src/program/core/stackAllocator/stack_allocator.o src/program/core/input/mouse.o src/program/core/input/keyboard.o src/program/core/graphics/graphics.o src/main.o libs/soloud/src/audiosource/wav/stb_vorbis.o libs/soloud/src/audiosource/openmpt/soloud_openmpt_dll.o libs/soloud/src/backend/portaudio/soloud_portaudio_dll.o libs/soloud/src/backend/openal/soloud_openal_dll.o libs/soloud/src/backend/sdl/soloud_sdl2_dll.o libs/soloud/src/backend/sdl/soloud_sdl1_dll.o libs/soloud/src/audiosource/vic/soloud_vic.o libs/soloud/src/audiosource/monotone/soloud_monotone.o libs/soloud/src/audiosource/speech/soloud_speech.o libs/soloud/src/audiosource/speech/klatt.o libs/soloud/src/audiosource/speech/resonator.o libs/soloud/src/audiosource/speech/tts.o libs/soloud/src/audiosource/speech/darray.o libs/soloud/src/audiosource/sfxr/soloud_sfxr.o libs/soloud/src/audiosource/wav/dr_impl.o libs/soloud/src/audiosource/wav/soloud_wav.o libs/soloud/src/audiosource/wav/soloud_wavstream.o libs/soloud/src/audiosource/openmpt/soloud_openmpt.o libs/soloud/src/audiosource/noise/soloud_noise.o libs/soloud/src/audiosource/tedsid/soloud_tedsid.o libs/soloud/src/audiosource/tedsid/sid.o libs/soloud/src/audiosource/tedsid/ted.o libs/soloud/src/audiosource/vizsn/soloud_vizsn.o libs/soloud/src/backend/coreaudio/soloud_coreaudio.o libs/soloud/src/backend/miniaudio/soloud_miniaudio.o libs/soloud/src/backend/oss/soloud_oss.o libs/soloud/src/backend/xaudio2/soloud_xaudio2.o libs/soloud/src/backend/portaudio/soloud_portaudio.o libs/soloud/src/backend/sdl_static/soloud_sdl_static.o libs/soloud/src/backend/openal/soloud_openal.o libs/soloud/src/backend/sdl/soloud_sdl1.o libs/soloud/src/backend/sdl/soloud_sdl2.o libs/soloud/src/backend/sdl2_static/soloud_sdl2_static.o libs/soloud/src/backend/winmm/soloud_winmm.o libs/soloud/src/backend/wasapi/soloud_wasapi.o libs/soloud/src/backend/alsa/soloud_alsa.o libs/soloud/src/backend/opensles/soloud_opensles.o libs/soloud/src/backend/nosound/soloud_nosound.o libs/soloud/src/backend/jack/soloud_jack.o libs/soloud/src/backend/null/soloud_null.o libs/soloud/src/c_api/soloud_c.o libs/soloud/src/filter/soloud_dcremovalfilter.o libs/soloud/src/filter/soloud_flangerfilter.o libs/soloud/src/filter/soloud_lofifilter.o libs/soloud/src/filter/soloud_freeverbfilter.o libs/soloud/src/filter/soloud_bassboostfilter.o libs/soloud/src/filter/soloud_robotizefilter.o libs/soloud/src/filter/soloud_fftfilter.o libs/soloud/src/filter/soloud_biquadresonantfilter.o libs/soloud/src/filter/soloud_waveshaperfilter.o libs/soloud/src/filter/soloud_echofilter.o libs/soloud/src/core/soloud_core_3d.o libs/soloud/src/core/soloud_core_voiceops.o libs/soloud/src/core/soloud_misc.o libs/soloud/src/core/soloud_core_setters.o libs/soloud/src/core/soloud_core_basicops.o libs/soloud/src/core/soloud_queue.o libs/soloud/src/core/soloud_bus.o libs/soloud/src/core/soloud_filter.o libs/soloud/src/core/soloud_core_getters.o libs/soloud/src/core/soloud_thread.o libs/soloud/src/core/soloud.o libs/soloud/src/core/soloud_core_voicegroup.o libs/soloud/src/core/soloud_core_faderops.o libs/soloud/src/core/soloud_fft_lut.o libs/soloud/src/core/soloud_core_filterops.o libs/soloud/src/core/soloud_file.o libs/soloud/src/core/soloud_fader.o libs/soloud/src/core/soloud_audiosource.o libs/soloud/src/core/soloud_fft.o -o bin/main.bin -lpthread -lm -lglfw -lGL -lstdc++ -ldl -lasound 
make: Leaving directory '/home/werem/Documents/projects/c/MS-DOS-frame-buffer-game-engine'
 
